TN:
SF:src/App.tsx
FN:9,(anonymous_0)
FNF:1
FNH:1
FNDA:1,(anonymous_0)
DA:9,1
DA:10,1
LF:2
LH:2
BRF:0
BRH:0
end_of_record
TN:
SF:src/main.tsx
FNF:0
FNH:0
DA:13,0
LF:1
LH:0
BRF:0
BRH:0
end_of_record
TN:
SF:src/store.ts
FN:14,(anonymous_0)
FNF:1
FNH:0
FNDA:0,(anonymous_0)
DA:9,0
DA:15,0
DA:17,0
LF:3
LH:0
BRF:0
BRH:0
end_of_record
TN:
SF:src/vite-env.d.ts
FNF:0
FNH:0
LF:0
LH:0
BRF:0
BRH:0
end_of_record
TN:
SF:src/@types/Album.d.ts
FNF:0
FNH:0
LF:0
LH:0
BRF:0
BRH:0
end_of_record
TN:
SF:src/components/album/Album.tsx
FN:14,(anonymous_0)
FN:16,(anonymous_1)
FN:18,(anonymous_2)
FN:22,(anonymous_3)
FN:30,(anonymous_4)
FNF:5
FNH:3
FNDA:17,(anonymous_0)
FNDA:17,(anonymous_1)
FNDA:0,(anonymous_2)
FNDA:0,(anonymous_3)
FNDA:9,(anonymous_4)
DA:14,3
DA:15,17
DA:16,17
DA:17,17
DA:18,0
DA:22,17
DA:23,0
DA:24,0
DA:25,0
DA:27,0
DA:30,17
DA:31,9
DA:32,9
DA:35,17
LF:14
LH:9
BRDA:23,0,0,0
BRDA:23,0,1,0
BRDA:32,1,0,9
BRDA:32,1,1,0
BRDA:43,2,0,17
BRDA:43,2,1,0
BRDA:47,3,0,17
BRDA:47,3,1,0
BRDA:51,4,0,0
BRDA:51,4,1,17
BRDA:52,5,0,17
BRDA:52,5,1,0
BRDA:58,6,0,0
BRDA:58,6,1,17
BRF:14
BRH:6
end_of_record
TN:
SF:src/components/albums/Albums.tsx
FN:10,(anonymous_0)
FN:14,(anonymous_1)
FN:19,(anonymous_2)
FN:29,(anonymous_3)
FN:42,(anonymous_4)
FN:54,(anonymous_5)
FNF:6
FNH:3
FNDA:4,(anonymous_0)
FNDA:0,(anonymous_1)
FNDA:0,(anonymous_2)
FNDA:2,(anonymous_3)
FNDA:0,(anonymous_4)
FNDA:16,(anonymous_5)
DA:10,2
DA:11,4
DA:12,4
DA:13,4
DA:14,0
DA:18,4
DA:20,0
DA:21,0
DA:29,4
DA:30,2
DA:33,4
DA:35,4
DA:42,0
DA:55,16
LF:14
LH:10
BRDA:20,0,0,0
BRDA:20,0,1,0
BRDA:30,1,0,2
BRDA:30,1,1,0
BRDA:33,2,0,0
BRDA:33,2,1,4
BRDA:44,3,0,0
BRDA:44,3,1,4
BRDA:50,4,0,0
BRDA:50,4,1,4
BRF:10
BRH:4
end_of_record
TN:
SF:src/components/error/Error.tsx
FN:4,(anonymous_0)
FNF:1
FNH:1
FNDA:1,(anonymous_0)
DA:4,3
DA:5,1
LF:2
LH:2
BRF:0
BRH:0
end_of_record
TN:
SF:src/components/loader/Loader.tsx
FN:11,(anonymous_0)
FNF:1
FNH:1
FNDA:1,(anonymous_0)
DA:11,3
DA:15,1
LF:2
LH:2
BRDA:12,0,0,1
BRDA:13,1,0,1
BRF:2
BRH:2
end_of_record
TN:
SF:src/services/Albums.ts
FN:9,(anonymous_0)
FN:11,(anonymous_1)
FN:12,(anonymous_2)
FNF:3
FNH:1
FNDA:2,(anonymous_0)
FNDA:0,(anonymous_1)
FNDA:0,(anonymous_2)
DA:5,2
DA:9,2
DA:11,0
DA:12,0
DA:17,2
LF:5
LH:3
BRF:0
BRH:0
end_of_record
TN:
SF:src/states/Albums.ts
FN:20,(anonymous_0)
FN:23,(anonymous_1)
FN:25,(anonymous_2)
FNF:3
FNH:2
FNDA:1,(anonymous_0)
FNDA:1,(anonymous_1)
FNDA:0,(anonymous_2)
DA:12,4
DA:16,4
DA:21,1
DA:24,1
DA:25,0
DA:31,4
LF:6
LH:5
BRF:0
BRH:0
end_of_record
TN:
SF:src/utils/HelperUtils.ts
FN:6,(anonymous_0)
FN:7,(anonymous_1)
FN:8,(anonymous_2)
FN:10,(anonymous_3)
FNF:4
FNH:4
FNDA:3,(anonymous_0)
FNDA:4,(anonymous_1)
FNDA:2,(anonymous_2)
FNDA:8,(anonymous_3)
DA:6,3
DA:7,4
DA:8,3
DA:9,2
DA:11,8
LF:5
LH:5
BRDA:11,0,0,8
BRDA:11,0,1,7
BRF:2
BRH:2
end_of_record
TN:
SF:src/utils/tests.ts
FN:6,(anonymous_0)
FN:14,(anonymous_1)
FN:21,(anonymous_2)
FNF:3
FNH:3
FNDA:4,(anonymous_0)
FNDA:3,(anonymous_1)
FNDA:8,(anonymous_2)
DA:6,7
DA:7,4
DA:9,4
DA:14,7
DA:15,3
DA:16,3
DA:17,3
DA:18,3
DA:21,7
DA:22,8
LF:10
LH:10
BRDA:6,0,0,4
BRDA:6,1,0,4
BRF:2
BRH:2
end_of_record
